[dotenv@17.2.2] injecting env (8) from .env -- tip: 🛠️  run anywhere with `dotenvx run -- yourcommand`
📅 Цільова дата: 2025-09-09
🎵 Ініціалізація Ukraiinska Nova
==================================================
🎵 Початок збору релізів
📅 Період: 2025-09-09 - 2025-09-09
👥 Артисти: !alarm, 0%Mercury, 100лиця, 1310M, 19.99, 1914, 5 vymir, 6ATbK0, 811, Абздольц, айхейтпежо206, Аква Віта, Альфатер, АНГАР 18, Андерсон, АННА, АНТАЙТЛД, АНТИТІЛА, Апатія, аппекс, Арахнофобія, Арсен Мірзоян, артилерія, АСАФАТОV, Бажана, Баbай, БЕЗ ОБМЕЖЕНЬ, Безодня, Бетон, Біла Вежа, Білий Бо, Богдан Купер, Божена Дар, Борис Сичевський, Борщ, Брати Станіслава, Був'є, Буду Думати, Буйтур, Бунтарка, В'язане Море, Валя Самурай, ваня jbl, Василь Васильців, Василь Зінкевич, Веремій, ВИР!, відень спить, ВІДСІЧ, Відстань, Відчай, Відчувай!, Відчуття.Тиші, ВІЙ, ВІКА, Віктор Кирилов, Віталій Козловський, Власне Виробництво, Воанергес, Володимир Вермінський, Володимир Івасюк, ВорсТ, Восьмий День, Вперше Чую, Всього Найкращого, Вхід у змінному взутті, ГАЛЯК, Гапочка, Гексен, Геля Зозуля, Глава 94, Гніт, Горгішелі, Гримить, Громадянин Топінамбур, Гудімов, Гурт "КУЛІ", гурт «ГуляйГород», Гурт [О], гурт [O], Гурт Вертеп, гурт ГУДАКИ, Гуцул Каліпсо, Гуцули, Ґрунт Палає, Два Два Дев'ять, Дві Ложки Жиру, Дефенестрація, Джозерс, Дивний Простір, Дикі серцем, дисперсія, Діло Дрянь, Діти Великого Міста, ДК Енергетик, Довгий Пес, Дощ, Друже музико, Ефір, Женя і Катя, Забавка, завірюга, Заводь, Загреб, Занепад, Захар, ЗЛИДЕНЬ, Іван Попович, івл-івл, Ігор Кайдаш, Інна Главацька, Іннеса, Інший День, ІСПАНІЯ, Кажанна, Кам'яний гість, Карна, КАТ, Катерина Качуровська, Кашляючий Ед, квіткіс, Кімната Гретхен, Колін, КОЛІР НОЧІ, Колос, коля пацюк, Контрабанда com.ua, КораЛЛі, Королівські Зайці, Криголам, Крихітка, Крихітка Цахес, Курган, Курган & Agregat, Левко, Левко Дурко, Лея, Листопад 2007, Лівінстон, Лідія Відаш, Лінія Маннергейма, Лунар, Льова Бай, Любов Чайковська, Люсі, Люцина Хворост, Макс Пташник, Максим Бородін, Мандариновий рай, Мандри, Мантра Керуака, Марія Бурмака, Марія Чайковська, Марний, Марта Липчей, Маша Кондратенко, Медовий Полин, Мері, МеріЛінор, Мертвий Півень, Механічний апельсин, Микола Мозговий, Микола Пацюк, Міша Крупін, Міша Правильний, Мія Рамарі, Многочлени Кравчука, МОВА ЖЕСТІВ, Монте Крісто, Монтеск'є, Мортидо, МУР, МУРЕНИ Official, Мюслі UA, На Відміну Від, Назарій Яремчук, настрій не дуже, Ната Лі, Наталія Могилевська, Наталія Папазоглу, Натоліч, Неймовіра, некрохолод, НЕХВОРОЩ, Ницо Потворно, Ніагара, Ніжна Оксана, Нікіта Кісельов, Новий Твій, Нумер 482, Один День Потому, Околиця, Октавіан Серпень, Олег Скрипка, олександр положинський, Олександр Пономарьов, Олена Тополя, ОНІСУКА ТАЙГЕР, Опік, Опіум, Опозиція, Оратанія, Оркестр Че, ОТЕЦЬ, Очеретяний Кіт, ОЧІ В ОЧІ, паліндром, Пан Парасоля, Пан Пупец`, Пацюк та Сонячні Котики, Передайте Показники Лічильників, Пересторога, Перкалаба, Пиріг і Батіг, Пирятин, Піккардійська терція, Після дощу, Пісні Наших Днів, Плач Єремії, плерома, Плесо, Площа Устриць, ПНД, Погань, поживна цінність, Позивний Музикант, Покруч, Полюси, Потуга, ПРАЩУР, ПРОЗАК, ПРОКЛЯТИЙ ***, Пункт А, ПxШx, Рай Із Твоїх Снів, Ризиковий План, Робаний Йот, Розум Зник, Роллікс, рома майк, Рома Факти, Росава, Руся, Сальто Назад, Самі Свої, Саша Чемеров, Село Близнюків, Сергій Василюк, Сергій Жадан, Серце Дженніфер, Серцевий Напад, СЗЧ, Січгарт, Скажи щось погане, скало, Сквер, Скрябін, сліпток, Сонцесвіт, Сонячні Котики, СТАСІК, Степан Гіга, Стратослав, СТРУКТУРА ЩАСТЯ, Сум, Сусіди Стерплять, СХОЖА, Таліта Кум, Тарас Петриненко, Тарас Чубай, Твій зайчик пише, те, що більше ніж ліс, ТЕЛЬНЮК: Сестри, Теорія Ґвалту, ТИМПАЧЕ, Тимчасова Назва, Тиранія, тиха порада, Ті, що падають вгору, Тінь Сонця, ТНМК, тобі не зайде, Тол, Тонка, Тощо, Транс-Формер, Третя Штурмова, Три кроки в ніч, Тріо Маренич, туди-сюди і смерть, Тулим, Турбо-Техно-Саунд, ТУЧА, Увага, Уляна Дель Рей, Фактично Самі, Фангус Фрог, Фантом-2, Фріланс, ФРН, Хамерман Знищує Віруси, Харцизи, хейтспіч, Холодне Сонце, Хонест, Хорта, Христина Панасюк, Цвях, Цукрова Варта, ЧОРТОПОЛОХ, Шабля, Широкий Лан, ШТАТ, Шугар, Юлія Донченко Maxima, Юля Юріна, Юрий Вольф-Вурдалак, Юрій Йосифович, Юрій Хижняк (Трутні), Юрко Юрченко, Я стану краще, ЯВА, Ядерна Могила, ЯК-НЕБУДЬ, Яка існуЄ, Янсен Кукансен, Abyss Remains, Acid Mamba, Adaa Zagorodnya, Adam, adm:t, Aeternus Prophet, afterphase project, Agruss, AL.ko_kc, ALEKSEEV, Alice Change, Alina Pash, Alla Zagaykevych, alyona alyona, Andrii Barmalii, Andrii Kunin, ANGY KREYDA, Anhedonia Nocturne, Ann in Black, Ariadna, ARLETT, Artem Loik, Artem Pivovarov, Artistka Chuprynenko, Atmasfera, Azgard, ba.latskii, badactress, Badwor7h, BAH.ROMA, BANDERSTADT, Bartky, BaWN, Beer Bastard, Bez Gruntu, Bezlad, BLIND8, Blooms Corda, BLVCK ANGLER, Bob Croma, Bojevilla, Bokasso, Boombox, BOTASHE, Brainruin, Break The Habit, BREM STOKER, BRYKULETS, Burdon folk band, Buri, BURLA, Burned Time Machine, BURSHTYN, Cape Cod, Casa Ukrania, CHEEV, Cheshires, Chur, Chychanovsky, Cios, Clonnex, CODÂNE, Code Emma, COMPLETE!, CrossChains, Cruel blu, Cukor Bila Smert', cybermykola, D.Lemma, Dakh Daughters, DakhaBrakha, DAMNITSKYI, De Shifer, Death Rate a Politics, Derwisz, Detach, Discollusion, Distinct, DISTRÏKER, Do Sliz, dobbro, Domiy, DoomDoze, Doömzday, DOROFEEVA, Drevo, Drop The Roof, Drudkh, Druha Rika, dughouse, Dymna Sumish, DZIDZIO, e-ho, EDNY, Electrobirds, Elis Jake, éllia, Emotional Anhedonia, enimkon, ENLEO, Epolets, ERAI, Eric Deray, ESQUIZET, Eteria, Evilucifer, Fakultet, Farinhate, FIЇNKA, Figurat, Fiolet, Flashback, Flava Fam, FliT, Follow You, Fontaliza, FRAM, Fuji Moodji, Gaitana, GannaBaby, Garmata Syndicate, Gender Studies, GEZWEIRDO, Glitchtrip, Go_A, Golubenko, Gordiy Starukh, Granat Garden, Grandma's smuzi, GRATY, Grayshapes, Greenjolly, GRISANA, Guerilla Noir, Hanna Svirska, HANUMIKE, Haydamaky, headachee, HEIMA, Hellfire Sox, HLIBOROB, hoboth, Holy Blood, Høstvind, hurtom, Hycz Orkestr, Hyphen Dash, I Miss My Death, IAMYOU, Iana Kovalova, Illaria, iNEBO, INFERNO, INTUI, Iryna Bilyk, Ivan Humoreska, IVAN LIULENOV, Jaggery, Jamala, Jazzforacat, Jerry Heil, JKLN, jockii druce, Johnny Zombie, Joryj Kłoc, Kadnay, KALUSH, Kalush Orchestra, karmv, Karoon, KARTA SVITU, KARYOTYPE, Katya Chilly, kavabanga Depo kolibri, KAZKA, Kerath, KHAYAT, Khors, Kinoteatr Cosmos, Kiteflighter, Klavdia Petrivna, KLEFT, KLER, Klooch, KLP 521 42 inc., Knifeman, KOLA, Kolaba, Korinya, KOSMOPOLIS, Kostiuchenko, KOZAK SIROMAHA, Kozak System, Kraamola, KRBK, Krechet, Krichuss, Kristonko, Kroda, Krovna, Kurs Valüt, Kvitka Cisyk, kvitla, la belle verte, La Horsa Bianca, La-Mansh, Lacrimorphosis, Lady Aphina, Lama, last past., LATEXFAUNA, Latur, LAUD, LAZANOVSKYI I RIDNYI, lebben, Lefor, Lely45, LETAY, Levegh, Liza Bibikova, Lost Message, Love, Mary, lowcost49, LuftPauza, Lugburz Sleed, lumosback, Luna Rozza, LUSHCHINSKA, Lybid_1, MACHUKHA, Mad Heads, Made in Future, Mamanet, MamaRika, Man from Light, Marevo, Mari Cheba, Martovi Orchestra, Maryna Krut, Mauser, MAX BARSKIH, Max Triss, MC Петя, MC Brehunets, Megamass, MELOVIN, Memories Remnant, Mercy Denied, Merryruzvelt, Merva, Merzotna Potvora, MetaMoreFozzey, MIRABLVCK, Mistmorn, MLLM, MniShek, Moann, MOISHE, MOLODI, MOLODOY, MONATIK, morgendie, Morkt Tre, Morphom, Morwan, Motanka, Motor'Rolla, Mozee Fee, Mretc, Mu2Moon, Munruthel, NAHABA, Natalka Karpa, Nathreism, Natural Spirit, NAZVA, nearr, Netri, NEVIRIMØ, NICHLAVA, Nikow, noch`, Nora Plan, Nug, O.Torvald, O'Hamsters, Obiymy Doschu, OBRANA, Obrij, Octopus Kraft, Odyn v Kanoe, Ogyda, Oh Deer!, Oisho btz, Okean Elzy, Oleksandr Karško, Omana, ONUKA, ORIONIX, Orpha, Ortum, Ostrovskyi, Ot Vinta, OTOY, Our Atlantic, OY Sound System, paashee, Paganland, Palay, panivalkova, Parfeniuk, Parking Spot, Patsyki Z Franeka, Phil it, Pianoboy, Pictures Inside Me, Pilikayu, PINS, Plaaaato, Polynove Pole, POPIL, PoshEnd, POSITIFF, Preslee, PROBASS ∆ HARDI, Prokat Kaset, Promsonya, provulok, pSeVdo, Pur:pur, Pušča, PVNCH, pystelnukArt, QARPA, Quest Pistols, Ragapop, Re-read, Recone, REDENGY, renie cares, Reproduczia, Riffmaster, Robots Don't Cry, Rock-H, Rude Riot, Run'Tone, Ruslana, SadSvit, Sale Only, SAMCHUK, Santorin, Sasha Boole, satelibra, SAYMER, Schmalgauzen, SECTORIAL, Sequencing, Serhii Babkin, Severoth, Sex Blender, sexnesc, Shamrocks, Sharlayh, Shkerebertb, sho4k, Shockolad, SHUMEI, Signals Feed The Void, SKAI, SKOFKA, SKRYAGA, SKYLERR, Small Depo, Smurno, Sonyachna, Soom, Sophie Villy, Spiv Brativ, SPOKUSY, Sportcafé, Stas Koroliov, State 62, STEBELSKA, stereo.ashes, Stereopalto, Stinx, STOSLIV, Strike Each Other, Stryvigor, sucilna_nevdacha.exe, Sudno, Suicideburg, Sumakh, Surface Tension, SvaDaRa, Sviatoslav Vakarchuk, Svrm, SWEETLO, syayvo, T.O. (Точка Опори), TARAS KEEN, Targan, Tartak, TaRuta, TAYANNA, teeNsad, Telema, Tember Blanche, temstime, Teren, TESLENKO, The Вйо, The Artistic Rats, The Cow, The Darkness Of The Death, The Doox, The Emergent, the feels, The Maneken, The Nietzsche, The Raw, The Sonic Temple, The Soul Delusion, The Symbioz, The Ukrainians, The Unsleeping, thekomakoma, Tik Tu, Tina Karol, To Eternity, TOLOKA, Total-Empty, TRENCH ORDERLY, True Tough, TSYTSKA, TUMAZAR, TVORCHI, Twilight noise, typeled, U Kronakh, Ubrave, Ukiez, ULIA LORD, ummsbiaus, Under Your Spell, Untrop, uvi sni, Vaся Club, Vagonovozhatye, Valentin Silvestrov, Vallen, Vallhard, Vasily Richter, Vinky, vioria, Viter, Vitryla, Vivienne Mort, Vlad Darwin, VLADA K, VMRE, Volaj, Volodymyr Dantes, Volyn Field, Vopli Vidopliassova, Vorog, VovaZiLvova, Vøvk, Vsivdoma, Vyr Muk, Vyshebaba, W.H.I.T.E., Walls & Planets, Warningfog, Wellboy, Widen, Xs, XSERGO, YAD band, YAKTAK, YARAY, YARMAK, YellOhBlue, Yevhen Puhachov, Yevhenii Dubovyk, YouCrane, Yuko, YULIYA ROZNEN, Yurcash, Yuriy Yaremchuk, Zapaska, Zapovit, Zavoloka, Zbaraski, ZELENYI, Zelmershead, Zgard, ZGARDA, Zhadan i Sobaky, Ziferblat, Zippy Kid, Zlam, ZLATA OGNEVICH, Zlyj Reper Zenyk, Zlypni, ZOZULYA, Zwyntar
------------------------------------------------------------

[1/833] 🎤 Обробка: !alarm
✅ Spotify access token отримано
  ✅ Знайдено: !alarm (популярність: 4)
  📀 Знайдено релізів: 0

[2/833] 🎤 Обробка: 0%Mercury
  ✅ Знайдено: 0%Mercury (популярність: 20)
  📀 Знайдено релізів: 0

[3/833] 🎤 Обробка: 100лиця
  ✅ Знайдено: 100лиця (популярність: 48)
  📀 Знайдено релізів: 0

[4/833] 🎤 Обробка: 1310M
  ✅ Знайдено: 1310M (популярність: 2)
  📀 Знайдено релізів: 0

[5/833] 🎤 Обробка: 19.99
  ✅ Знайдено: 19.99 (популярність: 8)
  📀 Знайдено релізів: 0

[6/833] 🎤 Обробка: 1914
  ✅ Знайдено: 1914 (популярність: 36)
  📀 Знайдено релізів: 0

[7/833] 🎤 Обробка: 5 vymir
  ✅ Знайдено: 5 vymir (популярність: 30)
  📀 Знайдено релізів: 0

[8/833] 🎤 Обробка: 6ATbK0
  ✅ Знайдено: 6ATbK0 (популярність: 11)
  📀 Знайдено релізів: 0

[9/833] 🎤 Обробка: 811
  ✅ Знайдено: 811 (популярність: 0)
  📀 Знайдено релізів: 0

[10/833] 🎤 Обробка: Абздольц
  ✅ Знайдено: Абздольц (популярність: 0)
  📀 Знайдено релізів: 0

[11/833] 🎤 Обробка: айхейтпежо206
  ✅ Знайдено: айхейтпежо206 (популярність: 1)
  📀 Знайдено релізів: 0

[12/833] 🎤 Обробка: Аква Віта
  ✅ Знайдено: Аква Віта (популярність: 15)
  📀 Знайдено релізів: 0

[13/833] 🎤 Обробка: Альфатер
  ✅ Знайдено: Альфатер (популярність: 4)
  📀 Знайдено релізів: 0

[14/833] 🎤 Обробка: АНГАР 18
  ✅ Знайдено: АНГАР 18 (популярність: 0)
  📀 Знайдено релізів: 0

[15/833] 🎤 Обробка: Андерсон
  ✅ Знайдено: Андерсон (популярність: 2)
  📀 Знайдено релізів: 0

[16/833] 🎤 Обробка: АННА
  ✅ Знайдено: АННА (популярність: 26)
  📀 Знайдено релізів: 0

[17/833] 🎤 Обробка: АНТАЙТЛД
  ✅ Знайдено: АНТАЙТЛД (популярність: 7)
  📀 Знайдено релізів: 0

[18/833] 🎤 Обробка: АНТИТІЛА
  ✅ Знайдено: АНТИТІЛА (популярність: 46)
  📀 Знайдено релізів: 0

[19/833] 🎤 Обробка: Апатія
  ✅ Знайдено: Апатія (популярність: 37)
  📀 Знайдено релізів: 0

[20/833] 🎤 Обробка: аппекс
  ✅ Знайдено: аппекс (популярність: 16)
  📀 Знайдено релізів: 0

[21/833] 🎤 Обробка: Арахнофобія
  ✅ Знайдено: Арахнофобія (популярність: 0)
  📀 Знайдено релізів: 0

[22/833] 🎤 Обробка: Арсен Мірзоян
Можливо, малося на увазі: Okean Elzy (популярність: 57)

[23/833] 🎤 Обробка: артилерія
  ✅ Знайдено: артилерія (популярність: 29)
  📀 Знайдено релізів: 0

[24/833] 🎤 Обробка: АСАФАТОV
  ✅ Знайдено: АСАФАТОV (популярність: 32)
  📀 Знайдено релізів: 0

[25/833] 🎤 Обробка: Бажана
  ✅ Знайдено: Бажана (популярність: 2)
  📀 Знайдено релізів: 0

[26/833] 🎤 Обробка: Баbай
  ✅ Знайдено: Баbай (популярність: 7)
  📀 Знайдено релізів: 0

[27/833] 🎤 Обробка: БЕЗ ОБМЕЖЕНЬ
  ✅ Знайдено: БЕЗ ОБМЕЖЕНЬ (популярність: 46)
  📀 Знайдено релізів: 0
